{"C:\\Users\\nanth\\OneDrive\\Documents\\Assessment\\backend\\src\\app.js": {"path":"C:\\Users\\nanth\\OneDrive\\Documents\\Assessment\\backend\\src\\app.js","statementMap":{"0":{"start":{"line":1,"column":16},"end":{"line":1,"column":34}},"1":{"start":{"line":2,"column":13},"end":{"line":2,"column":28}},"2":{"start":{"line":4,"column":12},"end":{"line":4,"column":21}},"3":{"start":{"line":6,"column":0},"end":{"line":6,"column":16}},"4":{"start":{"line":7,"column":0},"end":{"line":7,"column":24}},"5":{"start":{"line":9,"column":0},"end":{"line":11,"column":3}},"6":{"start":{"line":10,"column":2},"end":{"line":10,"column":57}},"7":{"start":{"line":13,"column":19},"end":{"line":13,"column":50}},"8":{"start":{"line":14,"column":0},"end":{"line":14,"column":30}},"9":{"start":{"line":17,"column":0},"end":{"line":17,"column":21}}},"fnMap":{"0":{"name":"(anonymous_0)","decl":{"start":{"line":9,"column":19},"end":{"line":9,"column":20}},"loc":{"start":{"line":9,"column":33},"end":{"line":11,"column":1}},"line":9}},"branchMap":{},"s":{"0":1,"1":1,"2":1,"3":1,"4":1,"5":1,"6":0,"7":1,"8":1,"9":1},"f":{"0":0},"b":{},"_coverageSchema":"1a1c01bbd47fc00a2c39e90264f33305004495a9","hash":"3882d0363a247e6667d74275405d5693c18e011e"}
,"C:\\Users\\nanth\\OneDrive\\Documents\\Assessment\\backend\\src\\controllers\\task.controller.js": {"path":"C:\\Users\\nanth\\OneDrive\\Documents\\Assessment\\backend\\src\\controllers\\task.controller.js","statementMap":{"0":{"start":{"line":1,"column":11},"end":{"line":1,"column":38}},"1":{"start":{"line":3,"column":0},"end":{"line":16,"column":2}},"2":{"start":{"line":4,"column":2},"end":{"line":15,"column":3}},"3":{"start":{"line":5,"column":35},"end":{"line":5,"column":43}},"4":{"start":{"line":7,"column":21},"end":{"line":10,"column":5}},"5":{"start":{"line":12,"column":4},"end":{"line":12,"column":50}},"6":{"start":{"line":14,"column":4},"end":{"line":14,"column":54}},"7":{"start":{"line":18,"column":0},"end":{"line":28,"column":2}},"8":{"start":{"line":19,"column":2},"end":{"line":27,"column":3}},"9":{"start":{"line":20,"column":19},"end":{"line":22,"column":5}},"10":{"start":{"line":24,"column":4},"end":{"line":24,"column":19}},"11":{"start":{"line":26,"column":4},"end":{"line":26,"column":54}},"12":{"start":{"line":30,"column":0},"end":{"line":43,"column":2}},"13":{"start":{"line":31,"column":2},"end":{"line":42,"column":3}},"14":{"start":{"line":32,"column":19},"end":{"line":32,"column":29}},"15":{"start":{"line":34,"column":4},"end":{"line":37,"column":6}},"16":{"start":{"line":39,"column":4},"end":{"line":39,"column":44}},"17":{"start":{"line":41,"column":4},"end":{"line":41,"column":54}},"18":{"start":{"line":45,"column":0},"end":{"line":54,"column":2}},"19":{"start":{"line":46,"column":2},"end":{"line":53,"column":3}},"20":{"start":{"line":47,"column":19},"end":{"line":49,"column":5}},"21":{"start":{"line":50,"column":4},"end":{"line":50,"column":19}},"22":{"start":{"line":52,"column":4},"end":{"line":52,"column":54}},"23":{"start":{"line":56,"column":0},"end":{"line":65,"column":2}},"24":{"start":{"line":57,"column":2},"end":{"line":64,"column":3}},"25":{"start":{"line":58,"column":19},"end":{"line":60,"column":5}},"26":{"start":{"line":61,"column":4},"end":{"line":61,"column":19}},"27":{"start":{"line":63,"column":4},"end":{"line":63,"column":54}},"28":{"start":{"line":67,"column":0},"end":{"line":81,"column":2}},"29":{"start":{"line":68,"column":2},"end":{"line":80,"column":3}},"30":{"start":{"line":69,"column":19},"end":{"line":69,"column":29}},"31":{"start":{"line":70,"column":35},"end":{"line":70,"column":43}},"32":{"start":{"line":72,"column":4},"end":{"line":75,"column":6}},"33":{"start":{"line":77,"column":4},"end":{"line":77,"column":42}},"34":{"start":{"line":79,"column":4},"end":{"line":79,"column":54}},"35":{"start":{"line":83,"column":0},"end":{"line":93,"column":2}},"36":{"start":{"line":84,"column":2},"end":{"line":92,"column":3}},"37":{"start":{"line":85,"column":19},"end":{"line":85,"column":29}},"38":{"start":{"line":87,"column":4},"end":{"line":87,"column":58}},"39":{"start":{"line":89,"column":4},"end":{"line":89,"column":42}},"40":{"start":{"line":91,"column":4},"end":{"line":91,"column":54}}},"fnMap":{"0":{"name":"(anonymous_0)","decl":{"start":{"line":3,"column":21},"end":{"line":3,"column":22}},"loc":{"start":{"line":3,"column":41},"end":{"line":16,"column":1}},"line":3},"1":{"name":"(anonymous_1)","decl":{"start":{"line":18,"column":19},"end":{"line":18,"column":20}},"loc":{"start":{"line":18,"column":39},"end":{"line":28,"column":1}},"line":18},"2":{"name":"(anonymous_2)","decl":{"start":{"line":30,"column":23},"end":{"line":30,"column":24}},"loc":{"start":{"line":30,"column":43},"end":{"line":43,"column":1}},"line":30},"3":{"name":"(anonymous_3)","decl":{"start":{"line":45,"column":22},"end":{"line":45,"column":23}},"loc":{"start":{"line":45,"column":42},"end":{"line":54,"column":1}},"line":45},"4":{"name":"(anonymous_4)","decl":{"start":{"line":56,"column":28},"end":{"line":56,"column":29}},"loc":{"start":{"line":56,"column":48},"end":{"line":65,"column":1}},"line":56},"5":{"name":"(anonymous_5)","decl":{"start":{"line":67,"column":21},"end":{"line":67,"column":22}},"loc":{"start":{"line":67,"column":41},"end":{"line":81,"column":1}},"line":67},"6":{"name":"(anonymous_6)","decl":{"start":{"line":83,"column":21},"end":{"line":83,"column":22}},"loc":{"start":{"line":83,"column":41},"end":{"line":93,"column":1}},"line":83}},"branchMap":{},"s":{"0":2,"1":2,"2":2,"3":2,"4":2,"5":2,"6":0,"7":2,"8":2,"9":2,"10":2,"11":0,"12":2,"13":2,"14":2,"15":2,"16":2,"17":0,"18":2,"19":2,"20":2,"21":2,"22":0,"23":2,"24":1,"25":1,"26":1,"27":0,"28":2,"29":2,"30":2,"31":2,"32":2,"33":2,"34":0,"35":2,"36":2,"37":2,"38":2,"39":2,"40":0},"f":{"0":2,"1":2,"2":2,"3":2,"4":1,"5":2,"6":2},"b":{},"_coverageSchema":"1a1c01bbd47fc00a2c39e90264f33305004495a9","hash":"cdd7fc447180fdcbf580dadeb9d7c676c895dcbd"}
,"C:\\Users\\nanth\\OneDrive\\Documents\\Assessment\\backend\\src\\routes\\task.routes.js": {"path":"C:\\Users\\nanth\\OneDrive\\Documents\\Assessment\\backend\\src\\routes\\task.routes.js","statementMap":{"0":{"start":{"line":1,"column":16},"end":{"line":1,"column":34}},"1":{"start":{"line":2,"column":15},"end":{"line":2,"column":31}},"2":{"start":{"line":3,"column":23},"end":{"line":3,"column":64}},"3":{"start":{"line":5,"column":0},"end":{"line":5,"column":44}},"4":{"start":{"line":6,"column":0},"end":{"line":6,"column":41}},"5":{"start":{"line":7,"column":0},"end":{"line":7,"column":57}},"6":{"start":{"line":8,"column":0},"end":{"line":8,"column":47}},"7":{"start":{"line":9,"column":0},"end":{"line":9,"column":59}},"8":{"start":{"line":10,"column":0},"end":{"line":10,"column":46}},"9":{"start":{"line":11,"column":0},"end":{"line":11,"column":49}},"10":{"start":{"line":14,"column":0},"end":{"line":14,"column":24}}},"fnMap":{},"branchMap":{},"s":{"0":1,"1":1,"2":1,"3":1,"4":1,"5":1,"6":1,"7":1,"8":1,"9":1,"10":1},"f":{},"b":{},"_coverageSchema":"1a1c01bbd47fc00a2c39e90264f33305004495a9","hash":"a16d870988e2a232e8afe383c03554a5d255b1b2"}
}
