TN:
SF:src\app.js
FN:9,(anonymous_0)
FNF:1
FNH:0
FNDA:0,(anonymous_0)
DA:1,1
DA:2,1
DA:4,1
DA:6,1
DA:7,1
DA:9,1
DA:10,0
DA:13,1
DA:14,1
DA:17,1
LF:10
LH:9
BRF:0
BRH:0
end_of_record
TN:
SF:src\controllers\task.controller.js
FN:3,(anonymous_0)
FN:18,(anonymous_1)
FN:30,(anonymous_2)
FN:45,(anonymous_3)
FN:56,(anonymous_4)
FN:67,(anonymous_5)
FN:83,(anonymous_6)
FNF:7
FNH:7
FNDA:2,(anonymous_0)
FNDA:2,(anonymous_1)
FNDA:2,(anonymous_2)
FNDA:2,(anonymous_3)
FNDA:1,(anonymous_4)
FNDA:2,(anonymous_5)
FNDA:2,(anonymous_6)
DA:1,2
DA:3,2
DA:4,2
DA:5,2
DA:7,2
DA:12,2
DA:14,0
DA:18,2
DA:19,2
DA:20,2
DA:24,2
DA:26,0
DA:30,2
DA:31,2
DA:32,2
DA:34,2
DA:39,2
DA:41,0
DA:45,2
DA:46,2
DA:47,2
DA:50,2
DA:52,0
DA:56,2
DA:57,1
DA:58,1
DA:61,1
DA:63,0
DA:67,2
DA:68,2
DA:69,2
DA:70,2
DA:72,2
DA:77,2
DA:79,0
DA:83,2
DA:84,2
DA:85,2
DA:87,2
DA:89,2
DA:91,0
LF:41
LH:34
BRF:0
BRH:0
end_of_record
TN:
SF:src\routes\task.routes.js
FNF:0
FNH:0
DA:1,1
DA:2,1
DA:3,1
DA:5,1
DA:6,1
DA:7,1
DA:8,1
DA:9,1
DA:10,1
DA:11,1
DA:14,1
LF:11
LH:11
BRF:0
BRH:0
end_of_record
